
=== Thu Nov  9 20:15:09 2023

Packages were changed.
Update Mode: updateDependencies

The following packages were added:
  com.unity.2d.sprite@1.0.0
  com.unity.2d.tilemap@1.0.0
  com.unity.ide.rider@3.0.24
  com.unity.ide.visualstudio@2.0.18
  com.unity.ide.vscode@1.2.5
  com.unity.modules.androidjni@1.0.0
  com.unity.test-framework@1.1.33
  com.unity.timeline@1.7.5
  com.unity.ugui@1.0.0
  com.unity.xr.legacyinputhelpers@2.1.10
  com.unity.ai.navigation@1.1.4
The following packages were updated:
  com.unity.ads from version 2.0.8 to 4.4.2
  com.unity.analytics from version 3.2.3 to 3.8.1
  com.unity.collab-proxy from version 1.2.15 to 2.0.5
  com.unity.purchasing from version 2.0.3 to 4.9.3
  com.unity.textmeshpro from version 1.4.1 to 3.0.6
The following packages were removed:
  com.unity.package-manager-ui@2.0.8

=== Tue Nov 14 11:47:21 2023

Packages were changed.
Update Mode: updateDependencies

The following packages were updated:
  com.unity.collab-proxy from version 1.10.2 to 2.0.5
  com.unity.ide.rider from version 1.2.1 to 3.0.24
  com.unity.ide.visualstudio from version 2.0.11 to 2.0.18
  com.unity.ide.vscode from version 1.2.4 to 1.2.5
  com.unity.postprocessing from version 3.1.1 to 3.2.2
  com.unity.test-framework from version 1.1.29 to 1.1.33
  com.unity.textmeshpro from version 2.1.6 to 3.0.6
  com.unity.timeline from version 1.2.18 to 1.7.5

=== Tue Nov 14 11:47:21 2023

Packages were changed.
Update Mode: mergeDefaultDependencies

The following packages were added:
  com.unity.postprocessing@3.2.2
